<?xml version="1.0" encoding="UTF-8"?>
<!-- Generated by org.testng.reporters.JUnitReportReporter -->
<testsuite skipped="0" hostname="DESKTOP-3J7R858" name="tests.TestCase" tests="1" failures="0" timestamp="2022-10-21T11:09:08 IST" time="53.710" errors="0">
  <testcase name="testCase2" time="53.710" classname="tests.TestCase"/>
  <system-out/>
</testsuite> <!-- tests.TestCase -->
